{
  "RSpec": {
    "coverage": {
      "/Users/paosch/Documents/Bank/spec/account_spec.rb": [
        1,
        null,
        1,
        4,
        1,
        1,
        1,
        1,
        null,
        null,
        1,
        1,
        1,
        1,
        null,
        null,
        null,
        1,
        1,
        1,
        1,
        null,
        null,
        null,
        1,
        1,
        2,
        null,
        null,
        null
      ],
      "/Users/paosch/Documents/Bank/lib/account.rb": [
        1,
        1,
        1,
        1,
        4,
        null,
        null,
        1,
        3,
        null,
        null,
        1,
        1,
        1,
        null,
        null,
        1,
        1,
        1,
        null,
        null,
        1,
        1,
        null,
        null
      ]
    },
    "timestamp": 1524564074
  }
}
