{
  "RSpec": {
    "coverage": {
      "/Users/paola/Documents/WEEK10/Bank/spec/account_spec.rb": [
        1,
        null,
        1,
        6,
        1,
        1,
        1,
        null,
        null,
        1,
        1,
        1,
        1,
        null,
        1,
        1,
        1,
        1,
        null,
        null,
        null,
        1,
        1,
        2,
        null,
        null,
        1,
        1,
        1,
        null,
        null,
        null
      ],
      "/Users/paola/Documents/WEEK10/Bank/lib/account.rb": [
        1,
        1,
        1,
        1,
        1,
        5,
        5,
        null,
        null,
        1,
        1,
        null,
        null,
        1,
        2,
        2,
        null,
        null,
        1,
        2,
        1,
        1,
        null,
        null
      ],
      "/Users/paola/Documents/WEEK10/Bank/lib/printer.rb": [
        1,
        1,
        2,
        null,
        null,
        1,
        1,
        1,
        1,
        null,
        null,
        null
      ],
      "/Users/paola/Documents/WEEK10/Bank/spec/printer_spec.rb": [
        1,
        null,
        1,
        3,
        1,
        1,
        2,
        null,
        null,
        null,
        1,
        1,
        1,
        2,
        null,
        null,
        null
      ],
      "/Users/paola/Documents/WEEK10/Bank/spec/transaction_spec.rb": [
        1,
        null,
        1,
        2,
        1,
        1,
        1,
        1,
        null,
        null,
        null
      ],
      "/Users/paola/Documents/WEEK10/Bank/lib/transaction.rb": [
        1,
        1,
        1,
        1,
        null,
        null,
        1,
        1,
        null,
        null
      ]
    },
    "timestamp": 1527757924
  }
}
